20240321	12:33:36	f25137ac-4061-4824-9ec8-74991e3ac7be	GET	/api/v1/products	http://localhost:3000
20240321	12:33:37	68681cb2-6f5e-46fa-b841-332df22fd0b3	GET	/api/v1/products	http://localhost:3000
20240321	12:34:52	fc39a3ab-34a7-43a5-90ce-50da36eb7bf0	GET	/api/v1/products	http://localhost:3000
20240321	12:34:52	b4dd2150-4a09-4c05-906b-df14d91fc5cd	GET	/api/v1/products	http://localhost:3000
20240321	12:36:20	a72b5cf2-3f98-4f12-b70f-6438613b68be	GET	/api/v1/products	http://localhost:3000
20240321	12:36:20	fcb94caa-622d-4071-a5fb-b9a30a17a587	GET	/api/v1/products	http://localhost:3000
20240321	12:36:33	77a6975c-d8f0-496e-85b3-b6d6f0bc21ca	GET	/api/v1/products	http://localhost:3000
20240321	12:36:33	a2758016-c85b-48a0-8313-cda6e8ae1ee3	GET	/api/v1/products	http://localhost:3000
20240321	12:37:44	1f09be55-813c-4b95-bbd9-5d4294e74eae	GET	/api/v1/products	http://localhost:3000
20240321	12:37:44	bcd627a2-6468-42dd-a804-0650ff121ea3	GET	/api/v1/products	http://localhost:3000
20240321	12:37:44	dee97829-af9c-4d91-b032-2cce89764f78	GET	/api/v1/products	http://localhost:3000
20240321	12:38:10	fb9f0f35-d3eb-4093-9320-49f1d1302b67	GET	/api/v1/products	http://localhost:3000
20240321	12:38:10	59a25e85-a766-4a41-839a-81c00a7cf0ff	GET	/api/v1/categories/get-categories	http://localhost:3000
20240321	12:38:11	41194aa2-7789-4a58-ac9b-9abafadd2423	GET	/api/v1/products	http://localhost:3000
20240321	12:38:12	1a038e41-b528-4aec-a521-c1194f31673c	GET	/api/v1/categories/get-categories	http://localhost:3000
20240321	12:48:08	4943a772-bd53-498d-b109-b01c3775940e	GET	/api/v1/products	http://localhost:3000
20240321	12:48:09	bf735ea5-ea16-4554-abf8-7a20fd0f28d5	GET	/api/v1/products	http://localhost:3000
20240321	12:49:03	10b3c94e-96ba-46ff-9bab-2c5b1f49138e	GET	/api/v1/products	http://localhost:3000
20240321	12:49:04	1c3f3f45-c12e-4bcb-8cfb-ce394421271e	GET	/api/v1/products	http://localhost:3000
20240321	12:49:04	76bcbb9c-8996-4153-93df-c86874440f0e	GET	/api/v1/products	http://localhost:3000
20240321	12:50:41	e19fc153-4f0e-4378-9bb2-7a1419742de9	GET	/api/v1/products	http://localhost:3000
20240321	12:50:41	89b1322f-5f75-4f43-a670-529cfb9eca37	GET	/api/v1/products	http://localhost:3000
20240321	12:51:15	f6aa43d1-bd8d-4ccc-8b74-1b65c2c2c147	GET	/api/v1/categories/get-categories	http://localhost:3000
20240321	12:51:15	3a218f67-13b9-4640-bef2-0787a156dd07	GET	/api/v1/products	http://localhost:3000
20240321	12:51:15	81695e63-d333-430f-b04c-c58ae2f3c819	GET	/api/v1/categories/get-categories	http://localhost:3000
20240321	12:51:15	2152b236-b226-4c28-8970-7c1c08dc80da	GET	/api/v1/products	http://localhost:3000
20240321	12:51:54	1441112b-3bf7-4a44-ba4e-9e2ceeb77f40	GET	/api/v1/products	http://localhost:3000
20240321	12:51:54	56627caf-e9ef-498b-a06b-82a276d3076e	GET	/api/v1/products	http://localhost:3000
20240321	12:54:05	839d4e8c-cf98-4ef1-bffa-a1d63b6d503f	GET	/api/v1/categories/get-categories	http://localhost:3000
20240321	12:54:05	89b66403-2bb1-41e8-940e-bb74fec6f96c	GET	/api/v1/products	http://localhost:3000
20240321	12:54:06	2c1fdf51-a4de-4be9-a234-8952d4d999e8	GET	/api/v1/categories/get-categories	http://localhost:3000
20240321	12:54:06	4bcedbf9-7225-4ea3-ae00-6ebf7e888735	GET	/api/v1/products	http://localhost:3000
20240321	12:54:44	2cc1aa9c-eb68-4627-8e57-94d160a97ed7	GET	/api/v1/categories/get-categories	http://localhost:3000
20240321	12:54:44	10e9af9a-479a-4ab6-968a-24bb1e24eb3f	GET	/api/v1/products	http://localhost:3000
20240321	12:54:44	cb91e95c-bcd3-479f-bef7-a62fa1b3cfd1	GET	/api/v1/products	http://localhost:3000
20240321	12:54:45	89c7e4d3-f121-47fa-88ac-33169a4009af	GET	/api/v1/categories/get-categories	http://localhost:3000
20240321	12:55:07	ce4bf807-d9a9-44da-8ad2-1333856b472c	GET	/api/v1/categories/get-categories	http://localhost:3000
20240321	12:55:07	b128d5af-5e33-4414-b26d-35c994ae4824	GET	/api/v1/products	http://localhost:3000
20240321	12:55:07	44d29e6b-7ae8-48e6-847e-b19bb8c9692c	GET	/api/v1/categories/get-categories	http://localhost:3000
20240321	12:55:07	8d0be387-8885-48ea-b95e-774a0f325ed7	GET	/api/v1/products	http://localhost:3000
20240321	12:55:34	16d03dc5-e90b-451f-8c38-4f6662a660c2	GET	/api/v1/categories/get-categories	http://localhost:3000
20240321	12:55:34	3d516390-6234-48eb-9307-fda8bd095392	GET	/api/v1/products	http://localhost:3000
20240321	12:55:34	f1c994cc-af77-44bf-861d-dfa7f8a39879	GET	/api/v1/categories/get-categories	http://localhost:3000
20240321	12:55:34	dec734be-3d68-46c7-bfca-81ade9a97341	GET	/api/v1/products	http://localhost:3000
20240321	12:55:54	8caa4139-e47e-41e4-8fae-5add8f01ce0c	GET	/api/v1/categories/get-categories	http://localhost:3000
20240321	12:55:54	1268cf6e-eb70-40ae-ae3d-38ac537dfb95	GET	/api/v1/products	http://localhost:3000
20240321	12:55:54	0157b32e-b0be-4f0a-8557-6c65dbadb6da	GET	/api/v1/categories/get-categories	http://localhost:3000
20240321	12:55:55	a3c66f08-231b-4d2d-9014-350706483b0a	GET	/api/v1/products	http://localhost:3000
20240321	12:58:03	b0cf23cd-5984-4ee4-bff0-547ee95e822e	GET	/api/v1/categories/get-categories	http://localhost:3000
20240321	12:58:03	c637226f-1395-4e2d-afbb-7f3842853cb5	GET	/api/v1/products	http://localhost:3000
20240321	12:58:04	e00d8c43-a917-497b-b6b9-1ab547cca950	GET	/api/v1/categories/get-categories	http://localhost:3000
20240321	12:58:04	b99c6050-34d7-4362-a1fa-46ca80fc1621	GET	/api/v1/products	http://localhost:3000
20240321	12:59:04	72539659-b30e-42f0-85b5-81fb94be9729	GET	/api/v1/categories/get-categories	http://localhost:3000
20240321	12:59:04	5f64ef36-f458-4741-b743-4996aff4ccd6	GET	/api/v1/products	http://localhost:3000
20240321	12:59:04	083c8251-6db8-4d35-a3fa-87bd7c0f07b7	GET	/api/v1/categories/get-categories	http://localhost:3000
20240321	12:59:04	f38e83b9-d35f-4609-8e2d-fac98686e31d	GET	/api/v1/products	http://localhost:3000
20240321	13:11:24	a1b56e50-d8e9-4c20-8e72-591f0e436661	GET	/api/v1/categories/get-categories	http://localhost:3000
20240321	13:11:24	41852865-1e4f-41d7-beab-c49ef7927f2f	GET	/api/v1/products	http://localhost:3000
20240321	13:11:25	6c21fe34-7f78-4ada-8495-32c317222f12	GET	/api/v1/products	http://localhost:3000
20240321	13:11:25	5a5f56c1-5648-4619-b18a-ab36bf779988	GET	/api/v1/categories/get-categories	http://localhost:3000
20240321	13:14:57	aadfea3c-a573-4e15-9163-2d33576e887a	GET	/api/v1/categories/get-categories	http://localhost:3000
20240321	13:14:57	34430b8a-6ded-4faf-b206-bdc88e82d4a4	GET	/api/v1/products	http://localhost:3000
20240321	13:14:58	664c1dff-4765-4582-b8fc-d29cd84df072	GET	/api/v1/categories/get-categories	http://localhost:3000
20240321	13:14:58	90879852-0b72-4df9-90c4-a62149366149	GET	/api/v1/products	http://localhost:3000
20240321	13:33:07	593e143d-9ed8-40d3-bfb6-ccb0a6d30d70	GET	/api/v1/categories/get-categories	http://localhost:3000
20240321	13:33:07	1009d4ba-1caf-4cea-a037-a957ed917cb4	GET	/api/v1/products	http://localhost:3000
20240321	13:33:07	6b926fc5-b30e-47a5-820b-59239acee9f8	GET	/api/v1/categories/get-categories	http://localhost:3000
20240321	13:33:07	f7597e43-6d44-4771-b1d8-c5f521839ada	GET	/api/v1/products	http://localhost:3000
20240321	14:51:16	47c5ce02-7861-4658-a736-8168ccfd58c3	GET	/api/v1/categories/get-categories	http://localhost:3000
20240321	14:51:16	7dd13108-a55f-4c28-aad0-c874b648ffc3	GET	/api/v1/products	http://localhost:3000
20240321	14:51:16	a6795133-e48a-44b8-851e-79fd4f9e8b4e	GET	/api/v1/categories/get-categories	http://localhost:3000
20240321	14:51:16	1c76c97c-14d3-45a7-a505-fa967bb8b05d	GET	/api/v1/products	http://localhost:3000
20240321	14:52:32	ad145fc6-ed71-427f-a013-269b32539cf9	GET	/api/v1/categories/get-categories	http://localhost:3000
20240321	14:52:32	dff7850a-2b7e-437b-8954-087a7203e57a	GET	/api/v1/products	http://localhost:3000
20240321	14:52:32	ae76a9b4-9d1f-45c0-ac57-9c788cd65a0a	GET	/api/v1/categories/get-categories	http://localhost:3000
20240321	14:52:32	fe57df93-1c8a-4072-bb4e-edbb335a9984	GET	/api/v1/products	http://localhost:3000
20240321	15:01:33	d36eb136-9ef1-4055-98f1-95794c9d3a8a	GET	/api/v1/categories/get-categories	http://localhost:3000
20240321	15:01:33	62839214-d35d-4b88-b024-fc6fb5300662	GET	/api/v1/products	http://localhost:3000
20240321	15:01:33	cfaad236-2882-49e9-8dbc-aa9233e0dbd4	GET	/api/v1/products	http://localhost:3000
20240321	15:01:33	84132db7-d597-4af2-af8c-268c295fbd48	GET	/api/v1/categories/get-categories	http://localhost:3000
20240321	15:02:07	cf78017c-5779-4c5c-96a6-dbe0f47d1734	GET	/api/v1/categories/get-categories	http://localhost:3000
20240321	15:02:07	ee4c2e55-22da-40db-a2bc-5b5d6ccfe66f	GET	/api/v1/products	http://localhost:3000
20240321	15:02:08	325ad855-ffee-4f2b-8828-7adbaa8514e5	GET	/api/v1/categories/get-categories	http://localhost:3000
20240321	15:02:08	c7811a9b-7ea6-4dd4-b568-60e2e9ab5867	GET	/api/v1/products	http://localhost:3000
